<?xml version="1.0" encoding="UTF-8"?>
<!-- Generated by org.testng.reporters.JUnitReportReporter -->
<testsuite hostname="LAPTOP-D2NT29JK" failures="0" tests="1" name="Com.Check.Practice" time="7.616" errors="0" timestamp="2021-07-24T10:13:25 IST" skipped="0">
  <testcase classname="Com.Check.Practice" name="login" time="7.616"/>
  <system-out/>
</testsuite> <!-- Com.Check.Practice -->
