<?xml version="1.0" encoding="UTF-8"?>
<!-- Generated by org.testng.reporters.JUnitReportReporter -->
<testsuite hostname="LAPTOP-D2NT29JK" failures="0" tests="1" name="com.ExtentReport.ExtentReportDemo" time="8.714" errors="0" timestamp="06 Aug 2021 18:35:20 GMT" skipped="0">
  <testcase classname="com.ExtentReport.ExtentReportDemo" name="initialDemo" time="8.714"/>
</testsuite> <!-- com.ExtentReport.ExtentReportDemo -->
