<?xml version="1.0" encoding="UTF-8"?>
<!-- Generated by org.testng.reporters.JUnitReportReporter -->
<testsuite hostname="LAPTOP-D2NT29JK" failures="0" tests="2" name="com.Selenium.AppiumTest" time="0.006" errors="0" timestamp="05 Aug 2021 16:41:32 GMT" skipped="0">
  <testcase classname="com.Selenium.AppiumTest" name="NativeAPpAndroid" time="0.000"/>
  <testcase classname="com.Selenium.AppiumTest" name="IOSApps" time="0.006"/>
</testsuite> <!-- com.Selenium.AppiumTest -->
