<?xml version="1.0" encoding="UTF-8"?>
<!-- Generated by org.testng.reporters.JUnitReportReporter -->
<testsuite hostname="LAPTOP-D2NT29JK" failures="0" tests="2" name="com.Selenium.RESTAPITest" time="0.001" errors="0" timestamp="05 Aug 2021 16:41:32 GMT" skipped="0">
  <testcase classname="com.Selenium.RESTAPITest" name="deleteTwitter" time="0.000"/>
  <testcase classname="com.Selenium.RESTAPITest" name="postJira" time="0.001"/>
</testsuite> <!-- com.Selenium.RESTAPITest -->
