<?xml version="1.0" encoding="UTF-8"?>
<!-- Generated by org.testng.reporters.JUnitReportReporter -->
<testsuite hostname="LAPTOP-D2NT29JK" failures="0" tests="1" name="com.ExcelDriven.Salesforce" time="5.957" errors="0" timestamp="21 Aug 2021 04:44:47 GMT">
  <testcase classname="com.ExcelDriven.Salesforce" name="login" time="5.957"/>
</testsuite> <!-- com.ExcelDriven.Salesforce -->
